{"/Users/nae/Desktop/ScribeCat-v2/src/application/use-cases/ListSessionsUseCase.ts": {"path":"/Users/nae/Desktop/ScribeCat-v2/src/application/use-cases/ListSessionsUseCase.ts","statementMap":{"0":{"start":{"line":12,"column":22},"end":{"line":12,"column":61}},"1":{"start":{"line":20,"column":4},"end":{"line":34,"column":null}},"2":{"start":{"line":22,"column":23},"end":{"line":22,"column":null}},"3":{"start":{"line":25,"column":21},"end":{"line":29,"column":null}},"4":{"start":{"line":26,"column":22},"end":{"line":26,"column":null}},"5":{"start":{"line":27,"column":22},"end":{"line":27,"column":null}},"6":{"start":{"line":28,"column":8},"end":{"line":28,"column":null}},"7":{"start":{"line":31,"column":6},"end":{"line":31,"column":null}},"8":{"start":{"line":33,"column":6},"end":{"line":33,"column":null}},"9":{"start":{"line":44,"column":4},"end":{"line":60,"column":null}},"10":{"start":{"line":45,"column":26},"end":{"line":45,"column":null}},"11":{"start":{"line":47,"column":6},"end":{"line":49,"column":null}},"12":{"start":{"line":48,"column":8},"end":{"line":48,"column":null}},"13":{"start":{"line":52,"column":29},"end":{"line":52,"column":null}},"14":{"start":{"line":52,"column":45},"end":{"line":52,"column":69}},"15":{"start":{"line":55,"column":6},"end":{"line":57,"column":null}},"16":{"start":{"line":56,"column":8},"end":{"line":56,"column":null}},"17":{"start":{"line":56,"column":38},"end":{"line":56,"column":66}},"18":{"start":{"line":59,"column":6},"end":{"line":59,"column":null}}},"fnMap":{"0":{"name":"(anonymous_0)","decl":{"start":{"line":12,"column":2},"end":{"line":12,"column":22}},"loc":{"start":{"line":12,"column":61},"end":{"line":12,"column":null}},"line":12},"1":{"name":"(anonymous_1)","decl":{"start":{"line":19,"column":8},"end":{"line":19,"column":16}},"loc":{"start":{"line":19,"column":72},"end":{"line":35,"column":null}},"line":19},"2":{"name":"(anonymous_2)","decl":{"start":{"line":25,"column":35},"end":{"line":25,"column":36}},"loc":{"start":{"line":25,"column":45},"end":{"line":29,"column":7}},"line":25},"3":{"name":"(anonymous_3)","decl":{"start":{"line":43,"column":8},"end":{"line":43,"column":24}},"loc":{"start":{"line":43,"column":96},"end":{"line":61,"column":null}},"line":43},"4":{"name":"(anonymous_4)","decl":{"start":{"line":52,"column":38},"end":{"line":52,"column":45}},"loc":{"start":{"line":52,"column":45},"end":{"line":52,"column":69}},"line":52},"5":{"name":"(anonymous_5)","decl":{"start":{"line":55,"column":32},"end":{"line":55,"column":null}},"loc":{"start":{"line":56,"column":8},"end":{"line":56,"column":null}},"line":56},"6":{"name":"(anonymous_6)","decl":{"start":{"line":56,"column":31},"end":{"line":56,"column":38}},"loc":{"start":{"line":56,"column":38},"end":{"line":56,"column":66}},"line":56}},"branchMap":{"0":{"loc":{"start":{"line":19,"column":16},"end":{"line":19,"column":72}},"type":"default-arg","locations":[{"start":{"line":19,"column":44},"end":{"line":19,"column":72}}],"line":19},"1":{"loc":{"start":{"line":28,"column":15},"end":{"line":28,"column":null}},"type":"cond-expr","locations":[{"start":{"line":28,"column":38},"end":{"line":28,"column":54}},{"start":{"line":28,"column":54},"end":{"line":28,"column":null}}],"line":28},"2":{"loc":{"start":{"line":33,"column":50},"end":{"line":33,"column":106}},"type":"cond-expr","locations":[{"start":{"line":33,"column":75},"end":{"line":33,"column":91}},{"start":{"line":33,"column":91},"end":{"line":33,"column":106}}],"line":33},"3":{"loc":{"start":{"line":43,"column":40},"end":{"line":43,"column":96}},"type":"default-arg","locations":[{"start":{"line":43,"column":68},"end":{"line":43,"column":96}}],"line":43},"4":{"loc":{"start":{"line":47,"column":6},"end":{"line":49,"column":null}},"type":"if","locations":[{"start":{"line":47,"column":6},"end":{"line":49,"column":null}},{"start":{},"end":{}}],"line":47},"5":{"loc":{"start":{"line":59,"column":60},"end":{"line":59,"column":116}},"type":"cond-expr","locations":[{"start":{"line":59,"column":85},"end":{"line":59,"column":101}},{"start":{"line":59,"column":101},"end":{"line":59,"column":116}}],"line":59}},"s":{"0":24,"1":26,"2":26,"3":20,"4":1028,"5":1028,"6":1028,"7":20,"8":6,"9":15,"10":15,"11":11,"12":1,"13":10,"14":14,"15":10,"16":28,"17":37,"18":4},"f":{"0":24,"1":26,"2":1028,"3":15,"4":14,"5":28,"6":37},"b":{"0":[26],"1":[1024,4],"2":[3,3],"3":[15],"4":[1,10],"5":[4,0]},"meta":{"lastBranch":6,"lastFunction":7,"lastStatement":19,"seen":{"f:12:2:12:22":0,"s:12:22:12:61":0,"f:19:8:19:16":1,"b:19:44:19:72":0,"s:20:4:34:Infinity":1,"s:22:23:22:Infinity":2,"s:25:21:29:Infinity":3,"f:25:35:25:36":2,"s:26:22:26:Infinity":4,"s:27:22:27:Infinity":5,"s:28:8:28:Infinity":6,"b:28:38:28:54:28:54:28:Infinity":1,"s:31:6:31:Infinity":7,"s:33:6:33:Infinity":8,"b:33:75:33:91:33:91:33:106":2,"f:43:8:43:24":3,"b:43:68:43:96":3,"s:44:4:60:Infinity":9,"s:45:26:45:Infinity":10,"b:47:6:49:Infinity:undefined:undefined:undefined:undefined":4,"s:47:6:49:Infinity":11,"s:48:8:48:Infinity":12,"s:52:29:52:Infinity":13,"f:52:38:52:45":4,"s:52:45:52:69":14,"s:55:6:57:Infinity":15,"f:55:32:55:Infinity":5,"s:56:8:56:Infinity":16,"f:56:31:56:38":6,"s:56:38:56:66":17,"s:59:6:59:Infinity":18,"b:59:85:59:101:59:101:59:116":5}}}
,"/Users/nae/Desktop/ScribeCat-v2/src/application/use-cases/SaveRecordingUseCase.ts": {"path":"/Users/nae/Desktop/ScribeCat-v2/src/application/use-cases/SaveRecordingUseCase.ts","statementMap":{"0":{"start":{"line":29,"column":12},"end":{"line":29,"column":null}},"1":{"start":{"line":30,"column":12},"end":{"line":30,"column":null}},"2":{"start":{"line":38,"column":10},"end":{"line":38,"column":null}},"3":{"start":{"line":39,"column":21},"end":{"line":39,"column":null}},"4":{"start":{"line":42,"column":21},"end":{"line":42,"column":null}},"5":{"start":{"line":45,"column":22},"end":{"line":45,"column":null}},"6":{"start":{"line":48,"column":16},"end":{"line":48,"column":null}},"7":{"start":{"line":49,"column":20},"end":{"line":65,"column":null}},"8":{"start":{"line":68,"column":4},"end":{"line":68,"column":null}},"9":{"start":{"line":70,"column":4},"end":{"line":73,"column":null}},"10":{"start":{"line":80,"column":4},"end":{"line":80,"column":null}}},"fnMap":{"0":{"name":"(anonymous_0)","decl":{"start":{"line":28,"column":2},"end":{"line":28,"column":null}},"loc":{"start":{"line":31,"column":4},"end":{"line":31,"column":null}},"line":31},"1":{"name":"(anonymous_1)","decl":{"start":{"line":36,"column":8},"end":{"line":36,"column":16}},"loc":{"start":{"line":36,"column":73},"end":{"line":74,"column":null}},"line":36},"2":{"name":"(anonymous_2)","decl":{"start":{"line":79,"column":10},"end":{"line":79,"column":38}},"loc":{"start":{"line":79,"column":38},"end":{"line":81,"column":null}},"line":79}},"branchMap":{"0":{"loc":{"start":{"line":51,"column":6},"end":{"line":51,"column":null}},"type":"binary-expr","locations":[{"start":{"line":51,"column":6},"end":{"line":51,"column":21}},{"start":{"line":51,"column":21},"end":{"line":51,"column":null}}],"line":51}},"s":{"0":26,"1":26,"2":27,"3":27,"4":27,"5":25,"6":25,"7":25,"8":27,"9":24,"10":25},"f":{"0":26,"1":27,"2":25},"b":{"0":[25,22]},"meta":{"lastBranch":1,"lastFunction":3,"lastStatement":11,"seen":{"f:28:2:28:Infinity":0,"s:29:12:29:Infinity":0,"s:30:12:30:Infinity":1,"f:36:8:36:16":1,"s:38:10:38:Infinity":2,"s:39:21:39:Infinity":3,"s:42:21:42:Infinity":4,"s:45:22:45:Infinity":5,"s:48:16:48:Infinity":6,"s:49:20:65:Infinity":7,"b:51:6:51:21:51:21:51:Infinity":0,"s:68:4:68:Infinity":8,"s:70:4:73:Infinity":9,"f:79:10:79:38":2,"s:80:4:80:Infinity":10}}}
,"/Users/nae/Desktop/ScribeCat-v2/src/domain/entities/Session.ts": {"path":"/Users/nae/Desktop/ScribeCat-v2/src/domain/entities/Session.ts","statementMap":{"0":{"start":{"line":15,"column":7},"end":{"line":15,"column":null}},"1":{"start":{"line":16,"column":2},"end":{"line":16,"column":null}},"2":{"start":{"line":17,"column":2},"end":{"line":17,"column":null}},"3":{"start":{"line":18,"column":2},"end":{"line":18,"column":null}},"4":{"start":{"line":19,"column":2},"end":{"line":19,"column":null}},"5":{"start":{"line":20,"column":2},"end":{"line":20,"column":null}},"6":{"start":{"line":15,"column":12},"end":{"line":15,"column":null}},"7":{"start":{"line":26,"column":7},"end":{"line":26,"column":null}},"8":{"start":{"line":27,"column":2},"end":{"line":27,"column":null}},"9":{"start":{"line":28,"column":2},"end":{"line":28,"column":null}},"10":{"start":{"line":26,"column":12},"end":{"line":26,"column":null}},"11":{"start":{"line":40,"column":20},"end":{"line":40,"column":null}},"12":{"start":{"line":41,"column":11},"end":{"line":41,"column":null}},"13":{"start":{"line":42,"column":20},"end":{"line":42,"column":null}},"14":{"start":{"line":43,"column":11},"end":{"line":43,"column":null}},"15":{"start":{"line":44,"column":20},"end":{"line":44,"column":null}},"16":{"start":{"line":45,"column":11},"end":{"line":45,"column":null}},"17":{"start":{"line":46,"column":20},"end":{"line":46,"column":null}},"18":{"start":{"line":47,"column":11},"end":{"line":47,"column":null}},"19":{"start":{"line":48,"column":11},"end":{"line":48,"column":28}},"20":{"start":{"line":49,"column":11},"end":{"line":49,"column":43}},"21":{"start":{"line":50,"column":11},"end":{"line":50,"column":null}},"22":{"start":{"line":51,"column":11},"end":{"line":51,"column":null}},"23":{"start":{"line":52,"column":11},"end":{"line":52,"column":null}},"24":{"start":{"line":54,"column":11},"end":{"line":54,"column":null}},"25":{"start":{"line":55,"column":11},"end":{"line":55,"column":null}},"26":{"start":{"line":56,"column":11},"end":{"line":56,"column":36}},"27":{"start":{"line":57,"column":11},"end":{"line":57,"column":null}},"28":{"start":{"line":59,"column":11},"end":{"line":59,"column":null}},"29":{"start":{"line":61,"column":11},"end":{"line":61,"column":null}},"30":{"start":{"line":63,"column":11},"end":{"line":63,"column":31}},"31":{"start":{"line":64,"column":11},"end":{"line":64,"column":null}},"32":{"start":{"line":65,"column":11},"end":{"line":65,"column":null}},"33":{"start":{"line":72,"column":4},"end":{"line":72,"column":null}},"34":{"start":{"line":73,"column":4},"end":{"line":73,"column":null}},"35":{"start":{"line":80,"column":4},"end":{"line":80,"column":null}},"36":{"start":{"line":81,"column":4},"end":{"line":81,"column":null}},"37":{"start":{"line":88,"column":4},"end":{"line":88,"column":null}},"38":{"start":{"line":89,"column":4},"end":{"line":89,"column":null}},"39":{"start":{"line":96,"column":26},"end":{"line":96,"column":null}},"40":{"start":{"line":97,"column":4},"end":{"line":100,"column":null}},"41":{"start":{"line":98,"column":6},"end":{"line":98,"column":null}},"42":{"start":{"line":99,"column":6},"end":{"line":99,"column":null}},"43":{"start":{"line":107,"column":26},"end":{"line":107,"column":null}},"44":{"start":{"line":108,"column":18},"end":{"line":108,"column":null}},"45":{"start":{"line":109,"column":4},"end":{"line":112,"column":null}},"46":{"start":{"line":110,"column":6},"end":{"line":110,"column":null}},"47":{"start":{"line":111,"column":6},"end":{"line":111,"column":null}},"48":{"start":{"line":119,"column":4},"end":{"line":123,"column":null}},"49":{"start":{"line":124,"column":4},"end":{"line":124,"column":null}},"50":{"start":{"line":131,"column":4},"end":{"line":131,"column":null}},"51":{"start":{"line":132,"column":4},"end":{"line":132,"column":null}},"52":{"start":{"line":133,"column":4},"end":{"line":133,"column":null}},"53":{"start":{"line":134,"column":4},"end":{"line":134,"column":null}},"54":{"start":{"line":141,"column":4},"end":{"line":141,"column":null}},"55":{"start":{"line":148,"column":4},"end":{"line":148,"column":null}},"56":{"start":{"line":155,"column":4},"end":{"line":155,"column":null}},"57":{"start":{"line":156,"column":4},"end":{"line":156,"column":null}},"58":{"start":{"line":157,"column":4},"end":{"line":157,"column":null}},"59":{"start":{"line":164,"column":4},"end":{"line":164,"column":null}},"60":{"start":{"line":171,"column":4},"end":{"line":171,"column":null}},"61":{"start":{"line":178,"column":4},"end":{"line":178,"column":null}},"62":{"start":{"line":185,"column":4},"end":{"line":185,"column":null}},"63":{"start":{"line":192,"column":4},"end":{"line":192,"column":null}},"64":{"start":{"line":192,"column":22},"end":{"line":192,"column":null}},"65":{"start":{"line":193,"column":4},"end":{"line":195,"column":null}},"66":{"start":{"line":194,"column":6},"end":{"line":194,"column":null}},"67":{"start":{"line":197,"column":4},"end":{"line":199,"column":null}},"68":{"start":{"line":198,"column":6},"end":{"line":198,"column":null}},"69":{"start":{"line":200,"column":4},"end":{"line":200,"column":null}},"70":{"start":{"line":207,"column":4},"end":{"line":207,"column":null}},"71":{"start":{"line":214,"column":4},"end":{"line":214,"column":null}},"72":{"start":{"line":221,"column":4},"end":{"line":221,"column":null}},"73":{"start":{"line":228,"column":4},"end":{"line":251,"column":null}},"74":{"start":{"line":258,"column":4},"end":{"line":281,"column":null}}},"fnMap":{"0":{"name":"(anonymous_0)","decl":{"start":{"line":15,"column":7},"end":{"line":15,"column":12}},"loc":{"start":{"line":15,"column":7},"end":{"line":15,"column":null}},"line":15},"1":{"name":"(anonymous_1)","decl":{"start":{"line":26,"column":7},"end":{"line":26,"column":12}},"loc":{"start":{"line":26,"column":7},"end":{"line":26,"column":null}},"line":26},"2":{"name":"(anonymous_2)","decl":{"start":{"line":39,"column":2},"end":{"line":39,"column":null}},"loc":{"start":{"line":66,"column":4},"end":{"line":66,"column":null}},"line":66},"3":{"name":"(anonymous_3)","decl":{"start":{"line":71,"column":2},"end":{"line":71,"column":14}},"loc":{"start":{"line":71,"column":35},"end":{"line":74,"column":null}},"line":71},"4":{"name":"(anonymous_4)","decl":{"start":{"line":79,"column":2},"end":{"line":79,"column":14}},"loc":{"start":{"line":79,"column":35},"end":{"line":82,"column":null}},"line":79},"5":{"name":"(anonymous_5)","decl":{"start":{"line":87,"column":2},"end":{"line":87,"column":19}},"loc":{"start":{"line":87,"column":55},"end":{"line":90,"column":null}},"line":87},"6":{"name":"(anonymous_6)","decl":{"start":{"line":95,"column":2},"end":{"line":95,"column":9}},"loc":{"start":{"line":95,"column":28},"end":{"line":101,"column":null}},"line":95},"7":{"name":"(anonymous_7)","decl":{"start":{"line":106,"column":2},"end":{"line":106,"column":12}},"loc":{"start":{"line":106,"column":31},"end":{"line":113,"column":null}},"line":106},"8":{"name":"(anonymous_8)","decl":{"start":{"line":118,"column":2},"end":{"line":118,"column":15}},"loc":{"start":{"line":118,"column":67},"end":{"line":125,"column":null}},"line":118},"9":{"name":"(anonymous_9)","decl":{"start":{"line":130,"column":2},"end":{"line":130,"column":15}},"loc":{"start":{"line":130,"column":85},"end":{"line":135,"column":null}},"line":130},"10":{"name":"(anonymous_10)","decl":{"start":{"line":140,"column":2},"end":{"line":140,"column":30}},"loc":{"start":{"line":140,"column":30},"end":{"line":142,"column":null}},"line":140},"11":{"name":"(anonymous_11)","decl":{"start":{"line":147,"column":2},"end":{"line":147,"column":22}},"loc":{"start":{"line":147,"column":22},"end":{"line":149,"column":null}},"line":147},"12":{"name":"(anonymous_12)","decl":{"start":{"line":154,"column":2},"end":{"line":154,"column":15}},"loc":{"start":{"line":154,"column":38},"end":{"line":158,"column":null}},"line":154},"13":{"name":"(anonymous_13)","decl":{"start":{"line":163,"column":2},"end":{"line":163,"column":24}},"loc":{"start":{"line":163,"column":24},"end":{"line":165,"column":null}},"line":163},"14":{"name":"(anonymous_14)","decl":{"start":{"line":170,"column":2},"end":{"line":170,"column":27}},"loc":{"start":{"line":170,"column":27},"end":{"line":172,"column":null}},"line":170},"15":{"name":"(anonymous_15)","decl":{"start":{"line":177,"column":2},"end":{"line":177,"column":26}},"loc":{"start":{"line":177,"column":26},"end":{"line":179,"column":null}},"line":177},"16":{"name":"(anonymous_16)","decl":{"start":{"line":184,"column":2},"end":{"line":184,"column":22}},"loc":{"start":{"line":184,"column":22},"end":{"line":186,"column":null}},"line":184},"17":{"name":"(anonymous_17)","decl":{"start":{"line":191,"column":2},"end":{"line":191,"column":23}},"loc":{"start":{"line":191,"column":23},"end":{"line":201,"column":null}},"line":191},"18":{"name":"(anonymous_18)","decl":{"start":{"line":206,"column":2},"end":{"line":206,"column":36}},"loc":{"start":{"line":206,"column":36},"end":{"line":208,"column":null}},"line":206},"19":{"name":"(anonymous_19)","decl":{"start":{"line":213,"column":2},"end":{"line":213,"column":29}},"loc":{"start":{"line":213,"column":29},"end":{"line":215,"column":null}},"line":213},"20":{"name":"(anonymous_20)","decl":{"start":{"line":220,"column":2},"end":{"line":220,"column":33}},"loc":{"start":{"line":220,"column":33},"end":{"line":222,"column":null}},"line":220},"21":{"name":"(anonymous_21)","decl":{"start":{"line":227,"column":2},"end":{"line":227,"column":24}},"loc":{"start":{"line":227,"column":24},"end":{"line":252,"column":null}},"line":227},"22":{"name":"(anonymous_22)","decl":{"start":{"line":257,"column":9},"end":{"line":257,"column":18}},"loc":{"start":{"line":257,"column":46},"end":{"line":282,"column":null}},"line":257}},"branchMap":{"0":{"loc":{"start":{"line":15,"column":12},"end":{"line":15,"column":null}},"type":"binary-expr","locations":[{"start":{"line":15,"column":12},"end":{"line":15,"column":null}},{"start":{"line":15,"column":12},"end":{"line":15,"column":null}}],"line":15},"1":{"loc":{"start":{"line":26,"column":12},"end":{"line":26,"column":null}},"type":"binary-expr","locations":[{"start":{"line":26,"column":12},"end":{"line":26,"column":null}},{"start":{"line":26,"column":12},"end":{"line":26,"column":null}}],"line":26},"2":{"loc":{"start":{"line":48,"column":11},"end":{"line":48,"column":null}},"type":"default-arg","locations":[{"start":{"line":48,"column":28},"end":{"line":48,"column":null}}],"line":48},"3":{"loc":{"start":{"line":49,"column":11},"end":{"line":49,"column":null}},"type":"default-arg","locations":[{"start":{"line":49,"column":43},"end":{"line":49,"column":null}}],"line":49},"4":{"loc":{"start":{"line":56,"column":11},"end":{"line":56,"column":null}},"type":"default-arg","locations":[{"start":{"line":56,"column":36},"end":{"line":56,"column":null}}],"line":56},"5":{"loc":{"start":{"line":63,"column":11},"end":{"line":63,"column":null}},"type":"default-arg","locations":[{"start":{"line":63,"column":31},"end":{"line":63,"column":null}}],"line":63},"6":{"loc":{"start":{"line":97,"column":4},"end":{"line":100,"column":null}},"type":"if","locations":[{"start":{"line":97,"column":4},"end":{"line":100,"column":null}},{"start":{},"end":{}}],"line":97},"7":{"loc":{"start":{"line":97,"column":8},"end":{"line":97,"column":61}},"type":"binary-expr","locations":[{"start":{"line":97,"column":8},"end":{"line":97,"column":25}},{"start":{"line":97,"column":25},"end":{"line":97,"column":61}}],"line":97},"8":{"loc":{"start":{"line":109,"column":4},"end":{"line":112,"column":null}},"type":"if","locations":[{"start":{"line":109,"column":4},"end":{"line":112,"column":null}},{"start":{},"end":{}}],"line":109},"9":{"loc":{"start":{"line":192,"column":4},"end":{"line":192,"column":null}},"type":"if","locations":[{"start":{"line":192,"column":4},"end":{"line":192,"column":null}},{"start":{},"end":{}}],"line":192},"10":{"loc":{"start":{"line":193,"column":4},"end":{"line":195,"column":null}},"type":"if","locations":[{"start":{"line":193,"column":4},"end":{"line":195,"column":null}},{"start":{},"end":{}}],"line":193},"11":{"loc":{"start":{"line":193,"column":8},"end":{"line":193,"column":92}},"type":"binary-expr","locations":[{"start":{"line":193,"column":8},"end":{"line":193,"column":53}},{"start":{"line":193,"column":53},"end":{"line":193,"column":92}}],"line":193},"12":{"loc":{"start":{"line":197,"column":4},"end":{"line":199,"column":null}},"type":"if","locations":[{"start":{"line":197,"column":4},"end":{"line":199,"column":null}},{"start":{},"end":{}}],"line":197},"13":{"loc":{"start":{"line":197,"column":8},"end":{"line":197,"column":65}},"type":"binary-expr","locations":[{"start":{"line":197,"column":8},"end":{"line":197,"column":29}},{"start":{"line":197,"column":29},"end":{"line":197,"column":65}}],"line":197},"14":{"loc":{"start":{"line":221,"column":11},"end":{"line":221,"column":null}},"type":"binary-expr","locations":[{"start":{"line":221,"column":11},"end":{"line":221,"column":35}},{"start":{"line":221,"column":35},"end":{"line":221,"column":null}}],"line":221},"15":{"loc":{"start":{"line":266,"column":6},"end":{"line":266,"column":null}},"type":"cond-expr","locations":[{"start":{"line":266,"column":27},"end":{"line":266,"column":72}},{"start":{"line":266,"column":72},"end":{"line":266,"column":null}}],"line":266},"16":{"loc":{"start":{"line":267,"column":6},"end":{"line":267,"column":null}},"type":"binary-expr","locations":[{"start":{"line":267,"column":6},"end":{"line":267,"column":19}},{"start":{"line":267,"column":19},"end":{"line":267,"column":null}}],"line":267},"17":{"loc":{"start":{"line":268,"column":6},"end":{"line":268,"column":null}},"type":"binary-expr","locations":[{"start":{"line":268,"column":6},"end":{"line":268,"column":28}},{"start":{"line":268,"column":28},"end":{"line":268,"column":null}}],"line":268},"18":{"loc":{"start":{"line":274,"column":6},"end":{"line":274,"column":null}},"type":"binary-expr","locations":[{"start":{"line":274,"column":6},"end":{"line":274,"column":25}},{"start":{"line":274,"column":25},"end":{"line":274,"column":null}}],"line":274},"19":{"loc":{"start":{"line":275,"column":6},"end":{"line":275,"column":null}},"type":"cond-expr","locations":[{"start":{"line":275,"column":26},"end":{"line":275,"column":56}},{"start":{"line":275,"column":56},"end":{"line":275,"column":null}}],"line":275},"20":{"loc":{"start":{"line":277,"column":6},"end":{"line":277,"column":null}},"type":"cond-expr","locations":[{"start":{"line":277,"column":23},"end":{"line":277,"column":50}},{"start":{"line":277,"column":50},"end":{"line":277,"column":null}}],"line":277},"21":{"loc":{"start":{"line":278,"column":6},"end":{"line":278,"column":null}},"type":"binary-expr","locations":[{"start":{"line":278,"column":6},"end":{"line":278,"column":19}},{"start":{"line":278,"column":19},"end":{"line":278,"column":null}}],"line":278}},"s":{"0":3,"1":3,"2":3,"3":3,"4":3,"5":3,"6":3,"7":3,"8":3,"9":3,"10":3,"11":1125,"12":1125,"13":1125,"14":1125,"15":1125,"16":1125,"17":1125,"18":1125,"19":1125,"20":1125,"21":1125,"22":1125,"23":1125,"24":1125,"25":1125,"26":1125,"27":1125,"28":1125,"29":1125,"30":1125,"31":1125,"32":1125,"33":1,"34":1,"35":1,"36":1,"37":2,"38":2,"39":7,"40":7,"41":4,"42":4,"43":4,"44":4,"45":4,"46":3,"47":3,"48":4,"49":4,"50":0,"51":0,"52":0,"53":0,"54":2,"55":29,"56":0,"57":0,"58":0,"59":0,"60":0,"61":0,"62":0,"63":0,"64":0,"65":0,"66":0,"67":0,"68":0,"69":0,"70":0,"71":0,"72":0,"73":2,"74":2},"f":{"0":3,"1":3,"2":1125,"3":1,"4":1,"5":2,"6":7,"7":4,"8":4,"9":0,"10":2,"11":29,"12":0,"13":0,"14":0,"15":0,"16":0,"17":0,"18":0,"19":0,"20":0,"21":2,"22":3},"b":{"0":[3,3],"1":[3,3],"2":[1125],"3":[1125],"4":[1125],"5":[1125],"6":[4,3],"7":[7,5],"8":[3,1],"9":[0,0],"10":[0,0],"11":[0,0],"12":[0,0],"13":[0,0],"14":[0,0],"15":[2,0],"16":[2,0],"17":[2,0],"18":[2,1],"19":[0,2],"20":[0,2],"21":[2,1]},"meta":{"lastBranch":22,"lastFunction":23,"lastStatement":75,"seen":{"s:15:7:15:Infinity":0,"f:15:7:15:12":0,"s:16:2:16:Infinity":1,"s:17:2:17:Infinity":2,"s:18:2:18:Infinity":3,"s:19:2:19:Infinity":4,"s:20:2:20:Infinity":5,"s:15:12:15:Infinity":6,"b:15:12:15:Infinity:15:12:15:Infinity":0,"s:26:7:26:Infinity":7,"f:26:7:26:12":1,"s:27:2:27:Infinity":8,"s:28:2:28:Infinity":9,"s:26:12:26:Infinity":10,"b:26:12:26:Infinity:26:12:26:Infinity":1,"f:39:2:39:Infinity":2,"b:48:28:48:Infinity":2,"b:49:43:49:Infinity":3,"b:56:36:56:Infinity":4,"b:63:31:63:Infinity":5,"s:40:20:40:Infinity":11,"s:41:11:41:Infinity":12,"s:42:20:42:Infinity":13,"s:43:11:43:Infinity":14,"s:44:20:44:Infinity":15,"s:45:11:45:Infinity":16,"s:46:20:46:Infinity":17,"s:47:11:47:Infinity":18,"s:48:11:48:28":19,"s:49:11:49:43":20,"s:50:11:50:Infinity":21,"s:51:11:51:Infinity":22,"s:52:11:52:Infinity":23,"s:54:11:54:Infinity":24,"s:55:11:55:Infinity":25,"s:56:11:56:36":26,"s:57:11:57:Infinity":27,"s:59:11:59:Infinity":28,"s:61:11:61:Infinity":29,"s:63:11:63:31":30,"s:64:11:64:Infinity":31,"s:65:11:65:Infinity":32,"f:71:2:71:14":3,"s:72:4:72:Infinity":33,"s:73:4:73:Infinity":34,"f:79:2:79:14":4,"s:80:4:80:Infinity":35,"s:81:4:81:Infinity":36,"f:87:2:87:19":5,"s:88:4:88:Infinity":37,"s:89:4:89:Infinity":38,"f:95:2:95:9":6,"s:96:26:96:Infinity":39,"b:97:4:100:Infinity:undefined:undefined:undefined:undefined":6,"s:97:4:100:Infinity":40,"b:97:8:97:25:97:25:97:61":7,"s:98:6:98:Infinity":41,"s:99:6:99:Infinity":42,"f:106:2:106:12":7,"s:107:26:107:Infinity":43,"s:108:18:108:Infinity":44,"b:109:4:112:Infinity:undefined:undefined:undefined:undefined":8,"s:109:4:112:Infinity":45,"s:110:6:110:Infinity":46,"s:111:6:111:Infinity":47,"f:118:2:118:15":8,"s:119:4:123:Infinity":48,"s:124:4:124:Infinity":49,"f:130:2:130:15":9,"s:131:4:131:Infinity":50,"s:132:4:132:Infinity":51,"s:133:4:133:Infinity":52,"s:134:4:134:Infinity":53,"f:140:2:140:30":10,"s:141:4:141:Infinity":54,"f:147:2:147:22":11,"s:148:4:148:Infinity":55,"f:154:2:154:15":12,"s:155:4:155:Infinity":56,"s:156:4:156:Infinity":57,"s:157:4:157:Infinity":58,"f:163:2:163:24":13,"s:164:4:164:Infinity":59,"f:170:2:170:27":14,"s:171:4:171:Infinity":60,"f:177:2:177:26":15,"s:178:4:178:Infinity":61,"f:184:2:184:22":16,"s:185:4:185:Infinity":62,"f:191:2:191:23":17,"b:192:4:192:Infinity:undefined:undefined:undefined:undefined":9,"s:192:4:192:Infinity":63,"s:192:22:192:Infinity":64,"b:193:4:195:Infinity:undefined:undefined:undefined:undefined":10,"s:193:4:195:Infinity":65,"b:193:8:193:53:193:53:193:92":11,"s:194:6:194:Infinity":66,"b:197:4:199:Infinity:undefined:undefined:undefined:undefined":12,"s:197:4:199:Infinity":67,"b:197:8:197:29:197:29:197:65":13,"s:198:6:198:Infinity":68,"s:200:4:200:Infinity":69,"f:206:2:206:36":18,"s:207:4:207:Infinity":70,"f:213:2:213:29":19,"s:214:4:214:Infinity":71,"f:220:2:220:33":20,"s:221:4:221:Infinity":72,"b:221:11:221:35:221:35:221:Infinity":14,"f:227:2:227:24":21,"s:228:4:251:Infinity":73,"f:257:9:257:18":22,"s:258:4:281:Infinity":74,"b:266:27:266:72:266:72:266:Infinity":15,"b:267:6:267:19:267:19:267:Infinity":16,"b:268:6:268:28:268:28:268:Infinity":17,"b:274:6:274:25:274:25:274:Infinity":18,"b:275:26:275:56:275:56:275:Infinity":19,"b:277:23:277:50:277:50:277:Infinity":20,"b:278:6:278:19:278:19:278:Infinity":21}}}
,"/Users/nae/Desktop/ScribeCat-v2/src/domain/entities/Transcription.ts": {"path":"/Users/nae/Desktop/ScribeCat-v2/src/domain/entities/Transcription.ts","statementMap":{"0":{"start":{"line":17,"column":20},"end":{"line":17,"column":null}},"1":{"start":{"line":18,"column":20},"end":{"line":18,"column":null}},"2":{"start":{"line":19,"column":20},"end":{"line":19,"column":null}},"3":{"start":{"line":20,"column":20},"end":{"line":20,"column":null}},"4":{"start":{"line":21,"column":20},"end":{"line":21,"column":null}},"5":{"start":{"line":22,"column":20},"end":{"line":22,"column":null}},"6":{"start":{"line":24,"column":4},"end":{"line":24,"column":null}},"7":{"start":{"line":31,"column":4},"end":{"line":33,"column":null}},"8":{"start":{"line":32,"column":6},"end":{"line":32,"column":null}},"9":{"start":{"line":35,"column":4},"end":{"line":37,"column":null}},"10":{"start":{"line":36,"column":6},"end":{"line":36,"column":null}},"11":{"start":{"line":40,"column":4},"end":{"line":44,"column":null}},"12":{"start":{"line":40,"column":17},"end":{"line":40,"column":20}},"13":{"start":{"line":41,"column":6},"end":{"line":43,"column":null}},"14":{"start":{"line":42,"column":8},"end":{"line":42,"column":null}},"15":{"start":{"line":46,"column":4},"end":{"line":49,"column":null}},"16":{"start":{"line":48,"column":6},"end":{"line":48,"column":null}},"17":{"start":{"line":56,"column":4},"end":{"line":61,"column":null}},"18":{"start":{"line":58,"column":8},"end":{"line":58,"column":null}},"19":{"start":{"line":60,"column":22},"end":{"line":60,"column":34}},"20":{"start":{"line":68,"column":4},"end":{"line":68,"column":null}},"21":{"start":{"line":68,"column":36},"end":{"line":68,"column":null}},"22":{"start":{"line":69,"column":24},"end":{"line":69,"column":null}},"23":{"start":{"line":70,"column":4},"end":{"line":70,"column":null}},"24":{"start":{"line":77,"column":4},"end":{"line":84,"column":null}},"25":{"start":{"line":91,"column":4},"end":{"line":98,"column":null}}},"fnMap":{"0":{"name":"(anonymous_0)","decl":{"start":{"line":16,"column":2},"end":{"line":16,"column":null}},"loc":{"start":{"line":23,"column":4},"end":{"line":25,"column":null}},"line":23},"1":{"name":"(anonymous_1)","decl":{"start":{"line":30,"column":10},"end":{"line":30,"column":27}},"loc":{"start":{"line":30,"column":27},"end":{"line":50,"column":null}},"line":30},"2":{"name":"(anonymous_2)","decl":{"start":{"line":55,"column":2},"end":{"line":55,"column":22}},"loc":{"start":{"line":55,"column":66},"end":{"line":62,"column":null}},"line":55},"3":{"name":"(anonymous_3)","decl":{"start":{"line":57,"column":14},"end":{"line":57,"column":null}},"loc":{"start":{"line":58,"column":8},"end":{"line":58,"column":null}},"line":58},"4":{"name":"(anonymous_4)","decl":{"start":{"line":60,"column":11},"end":{"line":60,"column":22}},"loc":{"start":{"line":60,"column":22},"end":{"line":60,"column":34}},"line":60},"5":{"name":"(anonymous_5)","decl":{"start":{"line":67,"column":2},"end":{"line":67,"column":24}},"loc":{"start":{"line":67,"column":24},"end":{"line":71,"column":null}},"line":67},"6":{"name":"(anonymous_6)","decl":{"start":{"line":76,"column":2},"end":{"line":76,"column":30}},"loc":{"start":{"line":76,"column":30},"end":{"line":85,"column":null}},"line":76},"7":{"name":"(anonymous_7)","decl":{"start":{"line":90,"column":9},"end":{"line":90,"column":18}},"loc":{"start":{"line":90,"column":58},"end":{"line":99,"column":null}},"line":90}},"branchMap":{"0":{"loc":{"start":{"line":31,"column":4},"end":{"line":33,"column":null}},"type":"if","locations":[{"start":{"line":31,"column":4},"end":{"line":33,"column":null}},{"start":{},"end":{}}],"line":31},"1":{"loc":{"start":{"line":31,"column":8},"end":{"line":31,"column":61}},"type":"binary-expr","locations":[{"start":{"line":31,"column":8},"end":{"line":31,"column":26}},{"start":{"line":31,"column":26},"end":{"line":31,"column":61}}],"line":31},"2":{"loc":{"start":{"line":35,"column":4},"end":{"line":37,"column":null}},"type":"if","locations":[{"start":{"line":35,"column":4},"end":{"line":37,"column":null}},{"start":{},"end":{}}],"line":35},"3":{"loc":{"start":{"line":35,"column":8},"end":{"line":35,"column":54}},"type":"binary-expr","locations":[{"start":{"line":35,"column":8},"end":{"line":35,"column":26}},{"start":{"line":35,"column":26},"end":{"line":35,"column":54}}],"line":35},"4":{"loc":{"start":{"line":41,"column":6},"end":{"line":43,"column":null}},"type":"if","locations":[{"start":{"line":41,"column":6},"end":{"line":43,"column":null}},{"start":{},"end":{}}],"line":41},"5":{"loc":{"start":{"line":46,"column":4},"end":{"line":49,"column":null}},"type":"if","locations":[{"start":{"line":46,"column":4},"end":{"line":49,"column":null}},{"start":{},"end":{}}],"line":46},"6":{"loc":{"start":{"line":46,"column":8},"end":{"line":47,"column":68}},"type":"binary-expr","locations":[{"start":{"line":46,"column":8},"end":{"line":46,"column":null}},{"start":{"line":47,"column":9},"end":{"line":47,"column":39}},{"start":{"line":47,"column":39},"end":{"line":47,"column":68}}],"line":46},"7":{"loc":{"start":{"line":58,"column":8},"end":{"line":58,"column":null}},"type":"binary-expr","locations":[{"start":{"line":58,"column":8},"end":{"line":58,"column":42}},{"start":{"line":58,"column":42},"end":{"line":58,"column":null}}],"line":58},"8":{"loc":{"start":{"line":68,"column":4},"end":{"line":68,"column":null}},"type":"if","locations":[{"start":{"line":68,"column":4},"end":{"line":68,"column":null}},{"start":{},"end":{}}],"line":68}},"s":{"0":49,"1":49,"2":49,"3":49,"4":49,"5":49,"6":49,"7":49,"8":2,"9":47,"10":1,"11":46,"12":46,"13":131,"14":1,"15":45,"16":2,"17":3,"18":9,"19":3,"20":4,"21":0,"22":4,"23":4,"24":4,"25":5},"f":{"0":49,"1":49,"2":3,"3":9,"4":3,"5":4,"6":4,"7":4},"b":{"0":[2,47],"1":[49,48],"2":[1,46],"3":[47,47],"4":[1,130],"5":[2,43],"6":[45,7,6],"7":[9,5],"8":[0,4]},"meta":{"lastBranch":9,"lastFunction":8,"lastStatement":26,"seen":{"f:16:2:16:Infinity":0,"s:17:20:17:Infinity":0,"s:18:20:18:Infinity":1,"s:19:20:19:Infinity":2,"s:20:20:20:Infinity":3,"s:21:20:21:Infinity":4,"s:22:20:22:Infinity":5,"s:24:4:24:Infinity":6,"f:30:10:30:27":1,"b:31:4:33:Infinity:undefined:undefined:undefined:undefined":0,"s:31:4:33:Infinity":7,"b:31:8:31:26:31:26:31:61":1,"s:32:6:32:Infinity":8,"b:35:4:37:Infinity:undefined:undefined:undefined:undefined":2,"s:35:4:37:Infinity":9,"b:35:8:35:26:35:26:35:54":3,"s:36:6:36:Infinity":10,"s:40:4:44:Infinity":11,"s:40:17:40:20":12,"b:41:6:43:Infinity:undefined:undefined:undefined:undefined":4,"s:41:6:43:Infinity":13,"s:42:8:42:Infinity":14,"b:46:4:49:Infinity:undefined:undefined:undefined:undefined":5,"s:46:4:49:Infinity":15,"b:46:8:46:Infinity:47:9:47:39:47:39:47:68":6,"s:48:6:48:Infinity":16,"f:55:2:55:22":2,"s:56:4:61:Infinity":17,"f:57:14:57:Infinity":3,"s:58:8:58:Infinity":18,"b:58:8:58:42:58:42:58:Infinity":7,"f:60:11:60:22":4,"s:60:22:60:34":19,"f:67:2:67:24":5,"b:68:4:68:Infinity:undefined:undefined:undefined:undefined":8,"s:68:4:68:Infinity":20,"s:68:36:68:Infinity":21,"s:69:24:69:Infinity":22,"s:70:4:70:Infinity":23,"f:76:2:76:30":6,"s:77:4:84:Infinity":24,"f:90:9:90:18":7,"s:91:4:98:Infinity":25}}}
,"/Users/nae/Desktop/ScribeCat-v2/src/renderer/services/TranscriptionModeService.ts": {"path":"/Users/nae/Desktop/ScribeCat-v2/src/renderer/services/TranscriptionModeService.ts","statementMap":{"0":{"start":{"line":29,"column":12},"end":{"line":29,"column":null}},"1":{"start":{"line":30,"column":12},"end":{"line":30,"column":null}},"2":{"start":{"line":23,"column":2},"end":{"line":23,"column":null}},"3":{"start":{"line":24,"column":2},"end":{"line":24,"column":null}},"4":{"start":{"line":25,"column":2},"end":{"line":25,"column":null}},"5":{"start":{"line":26,"column":2},"end":{"line":26,"column":null}},"6":{"start":{"line":37,"column":4},"end":{"line":37,"column":null}},"7":{"start":{"line":44,"column":4},"end":{"line":44,"column":null}},"8":{"start":{"line":51,"column":4},"end":{"line":51,"column":null}},"9":{"start":{"line":53,"column":4},"end":{"line":55,"column":null}},"10":{"start":{"line":54,"column":6},"end":{"line":54,"column":null}},"11":{"start":{"line":56,"column":4},"end":{"line":56,"column":null}},"12":{"start":{"line":63,"column":4},"end":{"line":65,"column":null}},"13":{"start":{"line":64,"column":6},"end":{"line":64,"column":null}},"14":{"start":{"line":67,"column":4},"end":{"line":67,"column":null}},"15":{"start":{"line":68,"column":4},"end":{"line":68,"column":null}},"16":{"start":{"line":76,"column":4},"end":{"line":79,"column":null}},"17":{"start":{"line":77,"column":6},"end":{"line":77,"column":null}},"18":{"start":{"line":78,"column":6},"end":{"line":78,"column":null}},"19":{"start":{"line":80,"column":4},"end":{"line":80,"column":null}},"20":{"start":{"line":88,"column":4},"end":{"line":88,"column":null}},"21":{"start":{"line":95,"column":4},"end":{"line":99,"column":null}},"22":{"start":{"line":96,"column":6},"end":{"line":96,"column":null}},"23":{"start":{"line":98,"column":6},"end":{"line":98,"column":null}},"24":{"start":{"line":108,"column":4},"end":{"line":108,"column":null}},"25":{"start":{"line":111,"column":4},"end":{"line":111,"column":null}},"26":{"start":{"line":112,"column":4},"end":{"line":112,"column":null}},"27":{"start":{"line":115,"column":4},"end":{"line":121,"column":null}},"28":{"start":{"line":116,"column":23},"end":{"line":118,"column":null}},"29":{"start":{"line":119,"column":6},"end":{"line":119,"column":null}},"30":{"start":{"line":120,"column":6},"end":{"line":120,"column":null}},"31":{"start":{"line":124,"column":4},"end":{"line":124,"column":null}},"32":{"start":{"line":127,"column":4},"end":{"line":127,"column":null}},"33":{"start":{"line":129,"column":4},"end":{"line":129,"column":null}},"34":{"start":{"line":136,"column":27},"end":{"line":136,"column":null}},"35":{"start":{"line":137,"column":38},"end":{"line":137,"column":null}},"36":{"start":{"line":139,"column":4},"end":{"line":142,"column":null}},"37":{"start":{"line":140,"column":6},"end":{"line":140,"column":null}},"38":{"start":{"line":140,"column":45},"end":{"line":140,"column":null}},"39":{"start":{"line":141,"column":6},"end":{"line":141,"column":null}},"40":{"start":{"line":144,"column":23},"end":{"line":172,"column":null}},"41":{"start":{"line":145,"column":6},"end":{"line":145,"column":null}},"42":{"start":{"line":145,"column":73},"end":{"line":145,"column":null}},"43":{"start":{"line":148,"column":26},"end":{"line":148,"column":null}},"44":{"start":{"line":148,"column":59},"end":{"line":148,"column":77}},"45":{"start":{"line":149,"column":23},"end":{"line":149,"column":null}},"46":{"start":{"line":150,"column":19},"end":{"line":150,"column":null}},"47":{"start":{"line":151,"column":6},"end":{"line":154,"column":null}},"48":{"start":{"line":152,"column":8},"end":{"line":152,"column":null}},"49":{"start":{"line":153,"column":8},"end":{"line":153,"column":null}},"50":{"start":{"line":155,"column":6},"end":{"line":155,"column":null}},"51":{"start":{"line":158,"column":31},"end":{"line":158,"column":null}},"52":{"start":{"line":159,"column":24},"end":{"line":159,"column":null}},"53":{"start":{"line":162,"column":24},"end":{"line":162,"column":null}},"54":{"start":{"line":163,"column":6},"end":{"line":166,"column":null}},"55":{"start":{"line":163,"column":19},"end":{"line":163,"column":22}},"56":{"start":{"line":164,"column":18},"end":{"line":164,"column":null}},"57":{"start":{"line":165,"column":8},"end":{"line":165,"column":null}},"58":{"start":{"line":169,"column":6},"end":{"line":171,"column":null}},"59":{"start":{"line":170,"column":8},"end":{"line":170,"column":null}},"60":{"start":{"line":174,"column":4},"end":{"line":174,"column":null}},"61":{"start":{"line":175,"column":4},"end":{"line":175,"column":null}},"62":{"start":{"line":182,"column":4},"end":{"line":185,"column":null}},"63":{"start":{"line":183,"column":6},"end":{"line":183,"column":null}},"64":{"start":{"line":184,"column":6},"end":{"line":184,"column":null}},"65":{"start":{"line":187,"column":4},"end":{"line":190,"column":null}},"66":{"start":{"line":188,"column":6},"end":{"line":188,"column":null}},"67":{"start":{"line":189,"column":6},"end":{"line":189,"column":null}},"68":{"start":{"line":192,"column":4},"end":{"line":192,"column":null}},"69":{"start":{"line":193,"column":4},"end":{"line":193,"column":null}},"70":{"start":{"line":205,"column":4},"end":{"line":207,"column":null}},"71":{"start":{"line":206,"column":6},"end":{"line":206,"column":null}},"72":{"start":{"line":209,"column":28},"end":{"line":209,"column":null}},"73":{"start":{"line":210,"column":22},"end":{"line":210,"column":null}},"74":{"start":{"line":211,"column":19},"end":{"line":211,"column":null}},"75":{"start":{"line":214,"column":4},"end":{"line":235,"column":null}},"76":{"start":{"line":214,"column":17},"end":{"line":214,"column":20}},"77":{"start":{"line":215,"column":23},"end":{"line":215,"column":null}},"78":{"start":{"line":216,"column":28},"end":{"line":216,"column":null}},"79":{"start":{"line":217,"column":16},"end":{"line":217,"column":null}},"80":{"start":{"line":220,"column":17},"end":{"line":220,"column":null}},"81":{"start":{"line":221,"column":17},"end":{"line":221,"column":null}},"82":{"start":{"line":222,"column":17},"end":{"line":222,"column":null}},"83":{"start":{"line":223,"column":17},"end":{"line":223,"column":null}},"84":{"start":{"line":226,"column":17},"end":{"line":226,"column":null}},"85":{"start":{"line":227,"column":17},"end":{"line":227,"column":null}},"86":{"start":{"line":229,"column":6},"end":{"line":233,"column":null}},"87":{"start":{"line":237,"column":4},"end":{"line":237,"column":null}}},"fnMap":{"0":{"name":"(anonymous_0)","decl":{"start":{"line":28,"column":2},"end":{"line":28,"column":null}},"loc":{"start":{"line":31,"column":4},"end":{"line":31,"column":null}},"line":31},"1":{"name":"(anonymous_1)","decl":{"start":{"line":36,"column":2},"end":{"line":36,"column":38}},"loc":{"start":{"line":36,"column":38},"end":{"line":38,"column":null}},"line":36},"2":{"name":"(anonymous_2)","decl":{"start":{"line":43,"column":2},"end":{"line":43,"column":32}},"loc":{"start":{"line":43,"column":32},"end":{"line":45,"column":null}},"line":43},"3":{"name":"(anonymous_3)","decl":{"start":{"line":50,"column":8},"end":{"line":50,"column":14}},"loc":{"start":{"line":50,"column":62},"end":{"line":57,"column":null}},"line":50},"4":{"name":"(anonymous_4)","decl":{"start":{"line":62,"column":8},"end":{"line":62,"column":30}},"loc":{"start":{"line":62,"column":30},"end":{"line":69,"column":null}},"line":62},"5":{"name":"(anonymous_5)","decl":{"start":{"line":74,"column":2},"end":{"line":74,"column":16}},"loc":{"start":{"line":74,"column":16},"end":{"line":81,"column":null}},"line":74},"6":{"name":"(anonymous_6)","decl":{"start":{"line":86,"column":2},"end":{"line":86,"column":17}},"loc":{"start":{"line":86,"column":17},"end":{"line":89,"column":null}},"line":86},"7":{"name":"(anonymous_7)","decl":{"start":{"line":94,"column":8},"end":{"line":94,"column":33}},"loc":{"start":{"line":94,"column":33},"end":{"line":100,"column":null}},"line":94},"8":{"name":"(anonymous_8)","decl":{"start":{"line":107,"column":16},"end":{"line":107,"column":36}},"loc":{"start":{"line":107,"column":101},"end":{"line":130,"column":null}},"line":107},"9":{"name":"(anonymous_9)","decl":{"start":{"line":115,"column":36},"end":{"line":115,"column":37}},"loc":{"start":{"line":115,"column":110},"end":{"line":121,"column":5}},"line":115},"10":{"name":"(anonymous_10)","decl":{"start":{"line":135,"column":10},"end":{"line":135,"column":48}},"loc":{"start":{"line":135,"column":48},"end":{"line":176,"column":null}},"line":135},"11":{"name":"(anonymous_11)","decl":{"start":{"line":139,"column":34},"end":{"line":139,"column":35}},"loc":{"start":{"line":139,"column":63},"end":{"line":142,"column":5}},"line":139},"12":{"name":"(anonymous_12)","decl":{"start":{"line":144,"column":35},"end":{"line":144,"column":41}},"loc":{"start":{"line":144,"column":41},"end":{"line":172,"column":7}},"line":144},"13":{"name":"(anonymous_13)","decl":{"start":{"line":148,"column":45},"end":{"line":148,"column":46}},"loc":{"start":{"line":148,"column":59},"end":{"line":148,"column":77}},"line":148},"14":{"name":"(anonymous_14)","decl":{"start":{"line":181,"column":16},"end":{"line":181,"column":62}},"loc":{"start":{"line":181,"column":62},"end":{"line":194,"column":null}},"line":181},"15":{"name":"(anonymous_15)","decl":{"start":{"line":200,"column":10},"end":{"line":200,"column":null}},"loc":{"start":{"line":204,"column":18},"end":{"line":238,"column":null}},"line":204}},"branchMap":{"0":{"loc":{"start":{"line":53,"column":4},"end":{"line":55,"column":null}},"type":"if","locations":[{"start":{"line":53,"column":4},"end":{"line":55,"column":null}},{"start":{},"end":{}}],"line":53},"1":{"loc":{"start":{"line":63,"column":4},"end":{"line":65,"column":null}},"type":"if","locations":[{"start":{"line":63,"column":4},"end":{"line":65,"column":null}},{"start":{},"end":{}}],"line":63},"2":{"loc":{"start":{"line":76,"column":4},"end":{"line":79,"column":null}},"type":"if","locations":[{"start":{"line":76,"column":4},"end":{"line":79,"column":null}},{"start":{},"end":{}}],"line":76},"3":{"loc":{"start":{"line":116,"column":23},"end":{"line":118,"column":null}},"type":"cond-expr","locations":[{"start":{"line":117,"column":10},"end":{"line":117,"column":null}},{"start":{"line":118,"column":10},"end":{"line":118,"column":null}}],"line":116},"4":{"loc":{"start":{"line":117,"column":39},"end":{"line":117,"column":93}},"type":"cond-expr","locations":[{"start":{"line":117,"column":63},"end":{"line":117,"column":91}},{"start":{"line":117,"column":91},"end":{"line":117,"column":93}}],"line":117},"5":{"loc":{"start":{"line":119,"column":36},"end":{"line":119,"column":67}},"type":"cond-expr","locations":[{"start":{"line":119,"column":46},"end":{"line":119,"column":56}},{"start":{"line":119,"column":56},"end":{"line":119,"column":67}}],"line":119},"6":{"loc":{"start":{"line":140,"column":6},"end":{"line":140,"column":null}},"type":"if","locations":[{"start":{"line":140,"column":6},"end":{"line":140,"column":null}},{"start":{},"end":{}}],"line":140},"7":{"loc":{"start":{"line":145,"column":6},"end":{"line":145,"column":null}},"type":"if","locations":[{"start":{"line":145,"column":6},"end":{"line":145,"column":null}},{"start":{},"end":{}}],"line":145},"8":{"loc":{"start":{"line":145,"column":10},"end":{"line":145,"column":73}},"type":"binary-expr","locations":[{"start":{"line":145,"column":10},"end":{"line":145,"column":38}},{"start":{"line":145,"column":38},"end":{"line":145,"column":73}}],"line":145},"9":{"loc":{"start":{"line":165,"column":23},"end":{"line":165,"column":null}},"type":"cond-expr","locations":[{"start":{"line":165,"column":31},"end":{"line":165,"column":44}},{"start":{"line":165,"column":44},"end":{"line":165,"column":null}}],"line":165},"10":{"loc":{"start":{"line":169,"column":6},"end":{"line":171,"column":null}},"type":"if","locations":[{"start":{"line":169,"column":6},"end":{"line":171,"column":null}},{"start":{},"end":{}}],"line":169},"11":{"loc":{"start":{"line":182,"column":4},"end":{"line":185,"column":null}},"type":"if","locations":[{"start":{"line":182,"column":4},"end":{"line":185,"column":null}},{"start":{},"end":{}}],"line":182},"12":{"loc":{"start":{"line":187,"column":4},"end":{"line":190,"column":null}},"type":"if","locations":[{"start":{"line":187,"column":4},"end":{"line":190,"column":null}},{"start":{},"end":{}}],"line":187},"13":{"loc":{"start":{"line":205,"column":4},"end":{"line":207,"column":null}},"type":"if","locations":[{"start":{"line":205,"column":4},"end":{"line":207,"column":null}},{"start":{},"end":{}}],"line":205}},"s":{"0":36,"1":36,"2":36,"3":36,"4":36,"5":36,"6":8,"7":20,"8":31,"9":31,"10":4,"11":27,"12":11,"13":2,"14":9,"15":8,"16":7,"17":6,"18":6,"19":7,"20":5,"21":3,"22":3,"23":1,"24":27,"25":27,"26":27,"27":27,"28":0,"29":0,"30":0,"31":27,"32":27,"33":27,"34":32,"35":32,"36":32,"37":2,"38":0,"39":2,"40":32,"41":2,"42":1,"43":1,"44":1,"45":1,"46":1,"47":1,"48":1,"49":1,"50":1,"51":1,"52":1,"53":1,"54":1,"55":1,"56":1,"57":1,"58":1,"59":1,"60":32,"61":32,"62":9,"63":9,"64":9,"65":9,"66":9,"67":9,"68":9,"69":9,"70":5,"71":1,"72":4,"73":4,"74":4,"75":4,"76":4,"77":3,"78":3,"79":3,"80":3,"81":3,"82":3,"83":3,"84":3,"85":3,"86":3,"87":4},"f":{"0":36,"1":8,"2":20,"3":31,"4":11,"5":7,"6":5,"7":3,"8":27,"9":0,"10":32,"11":2,"12":2,"13":1,"14":9,"15":5},"b":{"0":[4,27],"1":[2,9],"2":[6,1],"3":[0,0],"4":[0,0],"5":[0,0],"6":[0,2],"7":[1,1],"8":[2,1],"9":[0,1],"10":[1,0],"11":[9,0],"12":[9,0],"13":[1,4]},"meta":{"lastBranch":14,"lastFunction":16,"lastStatement":88,"seen":{"f:28:2:28:Infinity":0,"s:29:12:29:Infinity":0,"s:30:12:30:Infinity":1,"s:23:2:23:Infinity":2,"s:24:2:24:Infinity":3,"s:25:2:25:Infinity":4,"s:26:2:26:Infinity":5,"f:36:2:36:38":1,"s:37:4:37:Infinity":6,"f:43:2:43:32":2,"s:44:4:44:Infinity":7,"f:50:8:50:14":3,"s:51:4:51:Infinity":8,"b:53:4:55:Infinity:undefined:undefined:undefined:undefined":0,"s:53:4:55:Infinity":9,"s:54:6:54:Infinity":10,"s:56:4:56:Infinity":11,"f:62:8:62:30":4,"b:63:4:65:Infinity:undefined:undefined:undefined:undefined":1,"s:63:4:65:Infinity":12,"s:64:6:64:Infinity":13,"s:67:4:67:Infinity":14,"s:68:4:68:Infinity":15,"f:74:2:74:16":5,"b:76:4:79:Infinity:undefined:undefined:undefined:undefined":2,"s:76:4:79:Infinity":16,"s:77:6:77:Infinity":17,"s:78:6:78:Infinity":18,"s:80:4:80:Infinity":19,"f:86:2:86:17":6,"s:88:4:88:Infinity":20,"f:94:8:94:33":7,"s:95:4:99:Infinity":21,"s:96:6:96:Infinity":22,"s:98:6:98:Infinity":23,"f:107:16:107:36":8,"s:108:4:108:Infinity":24,"s:111:4:111:Infinity":25,"s:112:4:112:Infinity":26,"s:115:4:121:Infinity":27,"f:115:36:115:37":9,"s:116:23:118:Infinity":28,"b:117:10:117:Infinity:118:10:118:Infinity":3,"b:117:63:117:91:117:91:117:93":4,"s:119:6:119:Infinity":29,"b:119:46:119:56:119:56:119:67":5,"s:120:6:120:Infinity":30,"s:124:4:124:Infinity":31,"s:127:4:127:Infinity":32,"s:129:4:129:Infinity":33,"f:135:10:135:48":10,"s:136:27:136:Infinity":34,"s:137:38:137:Infinity":35,"s:139:4:142:Infinity":36,"f:139:34:139:35":11,"b:140:6:140:Infinity:undefined:undefined:undefined:undefined":6,"s:140:6:140:Infinity":37,"s:140:45:140:Infinity":38,"s:141:6:141:Infinity":39,"s:144:23:172:Infinity":40,"f:144:35:144:41":12,"b:145:6:145:Infinity:undefined:undefined:undefined:undefined":7,"s:145:6:145:Infinity":41,"b:145:10:145:38:145:38:145:73":8,"s:145:73:145:Infinity":42,"s:148:26:148:Infinity":43,"f:148:45:148:46":13,"s:148:59:148:77":44,"s:149:23:149:Infinity":45,"s:150:19:150:Infinity":46,"s:151:6:154:Infinity":47,"s:152:8:152:Infinity":48,"s:153:8:153:Infinity":49,"s:155:6:155:Infinity":50,"s:158:31:158:Infinity":51,"s:159:24:159:Infinity":52,"s:162:24:162:Infinity":53,"s:163:6:166:Infinity":54,"s:163:19:163:22":55,"s:164:18:164:Infinity":56,"s:165:8:165:Infinity":57,"b:165:31:165:44:165:44:165:Infinity":9,"b:169:6:171:Infinity:undefined:undefined:undefined:undefined":10,"s:169:6:171:Infinity":58,"s:170:8:170:Infinity":59,"s:174:4:174:Infinity":60,"s:175:4:175:Infinity":61,"f:181:16:181:62":14,"b:182:4:185:Infinity:undefined:undefined:undefined:undefined":11,"s:182:4:185:Infinity":62,"s:183:6:183:Infinity":63,"s:184:6:184:Infinity":64,"b:187:4:190:Infinity:undefined:undefined:undefined:undefined":12,"s:187:4:190:Infinity":65,"s:188:6:188:Infinity":66,"s:189:6:189:Infinity":67,"s:192:4:192:Infinity":68,"s:193:4:193:Infinity":69,"f:200:10:200:Infinity":15,"b:205:4:207:Infinity:undefined:undefined:undefined:undefined":13,"s:205:4:207:Infinity":70,"s:206:6:206:Infinity":71,"s:209:28:209:Infinity":72,"s:210:22:210:Infinity":73,"s:211:19:211:Infinity":74,"s:214:4:235:Infinity":75,"s:214:17:214:20":76,"s:215:23:215:Infinity":77,"s:216:28:216:Infinity":78,"s:217:16:217:Infinity":79,"s:220:17:220:Infinity":80,"s:221:17:221:Infinity":81,"s:222:17:222:Infinity":82,"s:223:17:223:Infinity":83,"s:226:17:226:Infinity":84,"s:227:17:227:Infinity":85,"s:229:6:233:Infinity":86,"s:237:4:237:Infinity":87}}}
}
